[0.020s] Invoking command in '/home/kiro/ros2_rviz_ws/build/sedrawybot_description': CMAKE_PREFIX_PATH=${CMAKE_PREFIX_PATH}:/opt/ros/humble /usr/bin/cmake /home/kiro/ros2_rviz_ws/src/sedrawybot_description -DAMENT_CMAKE_SYMLINK_INSTALL=1 -DCMAKE_INSTALL_PREFIX=/home/kiro/ros2_rviz_ws/install/sedrawybot_description
[0.066s] -- Found ament_cmake: 1.3.10 (/opt/ros/humble/share/ament_cmake/cmake)
[0.202s] -- Override CMake install command with custom implementation using symlinks instead of copying resources
[0.291s] -- Configuring done
[0.301s] -- Generating done
[0.302s] -- Build files have been written to: /home/kiro/ros2_rviz_ws/build/sedrawybot_description
[0.308s] Invoked command in '/home/kiro/ros2_rviz_ws/build/sedrawybot_description' returned '0': CMAKE_PREFIX_PATH=${CMAKE_PREFIX_PATH}:/opt/ros/humble /usr/bin/cmake /home/kiro/ros2_rviz_ws/src/sedrawybot_description -DAMENT_CMAKE_SYMLINK_INSTALL=1 -DCMAKE_INSTALL_PREFIX=/home/kiro/ros2_rviz_ws/install/sedrawybot_description
[0.308s] Invoking command in '/home/kiro/ros2_rviz_ws/build/sedrawybot_description': CMAKE_PREFIX_PATH=${CMAKE_PREFIX_PATH}:/opt/ros/humble /usr/bin/cmake --build /home/kiro/ros2_rviz_ws/build/sedrawybot_description -- -j22 -l22
[0.339s] Invoked command in '/home/kiro/ros2_rviz_ws/build/sedrawybot_description' returned '0': CMAKE_PREFIX_PATH=${CMAKE_PREFIX_PATH}:/opt/ros/humble /usr/bin/cmake --build /home/kiro/ros2_rviz_ws/build/sedrawybot_description -- -j22 -l22
[0.370s] Invoking command in '/home/kiro/ros2_rviz_ws/build/sedrawybot_description': CMAKE_PREFIX_PATH=${CMAKE_PREFIX_PATH}:/opt/ros/humble /usr/bin/cmake --install /home/kiro/ros2_rviz_ws/build/sedrawybot_description
[0.375s] -- Install configuration: ""
[0.376s] -- Execute custom install script
[0.377s] -- Symlinking: /home/kiro/ros2_rviz_ws/install/sedrawybot_description/share/sedrawybot_description//urdf/sedrawybot.urdf.xacro
[0.386s] -- Symlinking: /home/kiro/ros2_rviz_ws/install/sedrawybot_description/share/sedrawybot_description//launch/display.launch.xml
[0.393s] -- Symlinking: /home/kiro/ros2_rviz_ws/install/sedrawybot_description/share/ament_index/resource_index/package_run_dependencies/sedrawybot_description
[0.399s] -- Symlinking: /home/kiro/ros2_rviz_ws/install/sedrawybot_description/share/ament_index/resource_index/parent_prefix_path/sedrawybot_description
[0.408s] -- Symlinking: /home/kiro/ros2_rviz_ws/install/sedrawybot_description/share/sedrawybot_description/environment/ament_prefix_path.sh
[0.415s] -- Symlinking: /home/kiro/ros2_rviz_ws/install/sedrawybot_description/share/sedrawybot_description/environment/ament_prefix_path.dsv
[0.423s] -- Symlinking: /home/kiro/ros2_rviz_ws/install/sedrawybot_description/share/sedrawybot_description/environment/path.sh
[0.430s] -- Symlinking: /home/kiro/ros2_rviz_ws/install/sedrawybot_description/share/sedrawybot_description/environment/path.dsv
[0.436s] -- Symlinking: /home/kiro/ros2_rviz_ws/install/sedrawybot_description/share/sedrawybot_description/local_setup.bash
[0.445s] -- Symlinking: /home/kiro/ros2_rviz_ws/install/sedrawybot_description/share/sedrawybot_description/local_setup.sh
[0.452s] -- Symlinking: /home/kiro/ros2_rviz_ws/install/sedrawybot_description/share/sedrawybot_description/local_setup.zsh
[0.461s] -- Symlinking: /home/kiro/ros2_rviz_ws/install/sedrawybot_description/share/sedrawybot_description/local_setup.dsv
[0.469s] -- Symlinking: /home/kiro/ros2_rviz_ws/install/sedrawybot_description/share/sedrawybot_description/package.dsv
[0.478s] -- Symlinking: /home/kiro/ros2_rviz_ws/install/sedrawybot_description/share/ament_index/resource_index/packages/sedrawybot_description
[0.486s] -- Symlinking: /home/kiro/ros2_rviz_ws/install/sedrawybot_description/share/sedrawybot_description/cmake/sedrawybot_descriptionConfig.cmake
[0.494s] -- Symlinking: /home/kiro/ros2_rviz_ws/install/sedrawybot_description/share/sedrawybot_description/cmake/sedrawybot_descriptionConfig-version.cmake
[0.501s] -- Symlinking: /home/kiro/ros2_rviz_ws/install/sedrawybot_description/share/sedrawybot_description/package.xml
[0.511s] Invoked command in '/home/kiro/ros2_rviz_ws/build/sedrawybot_description' returned '0': CMAKE_PREFIX_PATH=${CMAKE_PREFIX_PATH}:/opt/ros/humble /usr/bin/cmake --install /home/kiro/ros2_rviz_ws/build/sedrawybot_description
