[0.339s] DEBUG:colcon:Command line arguments: ['/usr/bin/colcon', 'build', '--symlink-install']
[0.339s] DEBUG:colcon:Parsed command line arguments: Namespace(log_base=None, log_level=None, verb_name='build', build_base='build', install_base='install', merge_install=False, symlink_install=True, test_result_base=None, continue_on_error=False, executor='parallel', parallel_workers=22, event_handlers=None, ignore_user_meta=False, metas=['./colcon.meta'], base_paths=['.'], packages_ignore=None, packages_ignore_regex=None, paths=None, packages_up_to=None, packages_up_to_regex=None, packages_above=None, packages_above_and_dependencies=None, packages_above_depth=None, packages_select_by_dep=None, packages_skip_by_dep=None, packages_skip_up_to=None, packages_select_build_failed=False, packages_skip_build_finished=False, packages_select_test_failures=False, packages_skip_test_passed=False, packages_select=None, packages_skip=None, packages_select_regex=None, packages_skip_regex=None, packages_start=None, packages_end=None, allow_overriding=[], cmake_args=None, cmake_target=None, cmake_target_skip_unavailable=False, cmake_clean_cache=False, cmake_clean_first=False, cmake_force_configure=False, ament_cmake_args=None, catkin_cmake_args=None, catkin_skip_building_tests=False, verb_parser=<colcon_defaults.argument_parser.defaults.DefaultArgumentsDecorator object at 0x7f058b1a6f20>, verb_extension=<colcon_core.verb.build.BuildVerb object at 0x7f058b353250>, main=<bound method BuildVerb.main of <colcon_core.verb.build.BuildVerb object at 0x7f058b353250>>)
[0.719s] Level 1:colcon.colcon_core.package_discovery:discover_packages(colcon_meta) check parameters
[0.719s] Level 1:colcon.colcon_core.package_discovery:discover_packages(recursive) check parameters
[0.719s] Level 1:colcon.colcon_core.package_discovery:discover_packages(ignore) check parameters
[0.719s] Level 1:colcon.colcon_core.package_discovery:discover_packages(path) check parameters
[0.719s] Level 1:colcon.colcon_core.package_discovery:discover_packages(colcon_meta) discover
[0.719s] Level 1:colcon.colcon_core.package_discovery:discover_packages(recursive) discover
[0.719s] INFO:colcon.colcon_core.package_discovery:Crawling recursively for packages in '/home/kiro/ros2_rviz_ws'
[0.720s] Level 1:colcon.colcon_core.package_identification:_identify(.) by extensions ['ignore', 'ignore_ament_install']
[0.720s] Level 1:colcon.colcon_core.package_identification:_identify(.) by extension 'ignore'
[0.720s] Level 1:colcon.colcon_core.package_identification:_identify(.) by extension 'ignore_ament_install'
[0.720s] Level 1:colcon.colcon_core.package_identification:_identify(.) by extensions ['colcon_pkg']
[0.720s] Level 1:colcon.colcon_core.package_identification:_identify(.) by extension 'colcon_pkg'
[0.720s] Level 1:colcon.colcon_core.package_identification:_identify(.) by extensions ['colcon_meta']
[0.720s] Level 1:colcon.colcon_core.package_identification:_identify(.) by extension 'colcon_meta'
[0.720s] Level 1:colcon.colcon_core.package_identification:_identify(.) by extensions ['ros']
[0.720s] Level 1:colcon.colcon_core.package_identification:_identify(.) by extension 'ros'
[0.732s] Level 1:colcon.colcon_core.package_identification:_identify(.) by extensions ['cmake', 'python']
[0.732s] Level 1:colcon.colcon_core.package_identification:_identify(.) by extension 'cmake'
[0.732s] Level 1:colcon.colcon_core.package_identification:_identify(.) by extension 'python'
[0.732s] Level 1:colcon.colcon_core.package_identification:_identify(.) by extensions ['python_setup_py']
[0.732s] Level 1:colcon.colcon_core.package_identification:_identify(.) by extension 'python_setup_py'
[0.732s] Level 1:colcon.colcon_core.package_identification:_identify(build) by extensions ['ignore', 'ignore_ament_install']
[0.732s] Level 1:colcon.colcon_core.package_identification:_identify(build) by extension 'ignore'
[0.732s] Level 1:colcon.colcon_core.package_identification:_identify(build) ignored
[0.732s] Level 1:colcon.colcon_core.package_identification:_identify(install) by extensions ['ignore', 'ignore_ament_install']
[0.732s] Level 1:colcon.colcon_core.package_identification:_identify(install) by extension 'ignore'
[0.732s] Level 1:colcon.colcon_core.package_identification:_identify(install) ignored
[0.733s] Level 1:colcon.colcon_core.package_identification:_identify(log) by extensions ['ignore', 'ignore_ament_install']
[0.733s] Level 1:colcon.colcon_core.package_identification:_identify(log) by extension 'ignore'
[0.733s] Level 1:colcon.colcon_core.package_identification:_identify(log) ignored
[0.733s] Level 1:colcon.colcon_core.package_identification:_identify(src) by extensions ['ignore', 'ignore_ament_install']
[0.733s] Level 1:colcon.colcon_core.package_identification:_identify(src) by extension 'ignore'
[0.733s] Level 1:colcon.colcon_core.package_identification:_identify(src) by extension 'ignore_ament_install'
[0.733s] Level 1:colcon.colcon_core.package_identification:_identify(src) by extensions ['colcon_pkg']
[0.733s] Level 1:colcon.colcon_core.package_identification:_identify(src) by extension 'colcon_pkg'
[0.733s] Level 1:colcon.colcon_core.package_identification:_identify(src) by extensions ['colcon_meta']
[0.733s] Level 1:colcon.colcon_core.package_identification:_identify(src) by extension 'colcon_meta'
[0.733s] Level 1:colcon.colcon_core.package_identification:_identify(src) by extensions ['ros']
[0.733s] Level 1:colcon.colcon_core.package_identification:_identify(src) by extension 'ros'
[0.733s] Level 1:colcon.colcon_core.package_identification:_identify(src) by extensions ['cmake', 'python']
[0.733s] Level 1:colcon.colcon_core.package_identification:_identify(src) by extension 'cmake'
[0.733s] Level 1:colcon.colcon_core.package_identification:_identify(src) by extension 'python'
[0.733s] Level 1:colcon.colcon_core.package_identification:_identify(src) by extensions ['python_setup_py']
[0.733s] Level 1:colcon.colcon_core.package_identification:_identify(src) by extension 'python_setup_py'
[0.733s] Level 1:colcon.colcon_core.package_identification:_identify(src/sedrawybot_description) by extensions ['ignore', 'ignore_ament_install']
[0.733s] Level 1:colcon.colcon_core.package_identification:_identify(src/sedrawybot_description) by extension 'ignore'
[0.733s] Level 1:colcon.colcon_core.package_identification:_identify(src/sedrawybot_description) by extension 'ignore_ament_install'
[0.733s] Level 1:colcon.colcon_core.package_identification:_identify(src/sedrawybot_description) by extensions ['colcon_pkg']
[0.733s] Level 1:colcon.colcon_core.package_identification:_identify(src/sedrawybot_description) by extension 'colcon_pkg'
[0.733s] Level 1:colcon.colcon_core.package_identification:_identify(src/sedrawybot_description) by extensions ['colcon_meta']
[0.733s] Level 1:colcon.colcon_core.package_identification:_identify(src/sedrawybot_description) by extension 'colcon_meta'
[0.733s] Level 1:colcon.colcon_core.package_identification:_identify(src/sedrawybot_description) by extensions ['ros']
[0.733s] Level 1:colcon.colcon_core.package_identification:_identify(src/sedrawybot_description) by extension 'ros'
[0.737s] DEBUG:colcon.colcon_core.package_identification:Package 'src/sedrawybot_description' with type 'ros.ament_cmake' and name 'sedrawybot_description'
[0.737s] Level 1:colcon.colcon_core.package_discovery:discover_packages(recursive) using defaults
[0.737s] Level 1:colcon.colcon_core.package_discovery:discover_packages(ignore) discover
[0.737s] Level 1:colcon.colcon_core.package_discovery:discover_packages(ignore) using defaults
[0.737s] Level 1:colcon.colcon_core.package_discovery:discover_packages(path) discover
[0.737s] Level 1:colcon.colcon_core.package_discovery:discover_packages(path) using defaults
[0.779s] Level 1:colcon.colcon_core.package_discovery:discover_packages(prefix_path) check parameters
[0.779s] Level 1:colcon.colcon_core.package_discovery:discover_packages(prefix_path) discover
[0.783s] DEBUG:colcon.colcon_installed_package_information.package_discovery:Found 1 installed packages in /home/kiro/ros2_rviz_ws/install
[0.784s] DEBUG:colcon.colcon_installed_package_information.package_discovery:Found 282 installed packages in /opt/ros/humble
[0.785s] Level 1:colcon.colcon_core.package_discovery:discover_packages(prefix_path) using defaults
[0.820s] Level 5:colcon.colcon_core.verb:set package 'sedrawybot_description' build argument 'cmake_args' from command line to 'None'
[0.820s] Level 5:colcon.colcon_core.verb:set package 'sedrawybot_description' build argument 'cmake_target' from command line to 'None'
[0.820s] Level 5:colcon.colcon_core.verb:set package 'sedrawybot_description' build argument 'cmake_target_skip_unavailable' from command line to 'False'
[0.820s] Level 5:colcon.colcon_core.verb:set package 'sedrawybot_description' build argument 'cmake_clean_cache' from command line to 'False'
[0.820s] Level 5:colcon.colcon_core.verb:set package 'sedrawybot_description' build argument 'cmake_clean_first' from command line to 'False'
[0.820s] Level 5:colcon.colcon_core.verb:set package 'sedrawybot_description' build argument 'cmake_force_configure' from command line to 'False'
[0.820s] Level 5:colcon.colcon_core.verb:set package 'sedrawybot_description' build argument 'ament_cmake_args' from command line to 'None'
[0.820s] Level 5:colcon.colcon_core.verb:set package 'sedrawybot_description' build argument 'catkin_cmake_args' from command line to 'None'
[0.820s] Level 5:colcon.colcon_core.verb:set package 'sedrawybot_description' build argument 'catkin_skip_building_tests' from command line to 'False'
[0.820s] DEBUG:colcon.colcon_core.verb:Building package 'sedrawybot_description' with the following arguments: {'ament_cmake_args': None, 'build_base': '/home/kiro/ros2_rviz_ws/build/sedrawybot_description', 'catkin_cmake_args': None, 'catkin_skip_building_tests': False, 'cmake_args': None, 'cmake_clean_cache': False, 'cmake_clean_first': False, 'cmake_force_configure': False, 'cmake_target': None, 'cmake_target_skip_unavailable': False, 'install_base': '/home/kiro/ros2_rviz_ws/install/sedrawybot_description', 'merge_install': False, 'path': '/home/kiro/ros2_rviz_ws/src/sedrawybot_description', 'symlink_install': True, 'test_result_base': None}
[0.820s] INFO:colcon.colcon_core.executor:Executing jobs using 'parallel' executor
[0.821s] DEBUG:colcon.colcon_parallel_executor.executor.parallel:run_until_complete
[0.821s] INFO:colcon.colcon_ros.task.ament_cmake.build:Building ROS package in '/home/kiro/ros2_rviz_ws/src/sedrawybot_description' with build type 'ament_cmake'
[0.822s] INFO:colcon.colcon_cmake.task.cmake.build:Building CMake package in '/home/kiro/ros2_rviz_ws/src/sedrawybot_description'
[0.830s] INFO:colcon.colcon_core.plugin_system:Skipping extension 'colcon_core.shell.bat': Not used on non-Windows systems
[0.831s] INFO:colcon.colcon_core.shell:Skip shell extension 'powershell' for command environment: Not usable outside of PowerShell
[0.831s] DEBUG:colcon.colcon_core.shell:Skip shell extension 'dsv' for command environment
[0.839s] DEBUG:colcon.colcon_core.event_handler.log_command:Invoking command in '/home/kiro/ros2_rviz_ws/build/sedrawybot_description': CMAKE_PREFIX_PATH=${CMAKE_PREFIX_PATH}:/opt/ros/humble /usr/bin/cmake --build /home/kiro/ros2_rviz_ws/build/sedrawybot_description -- -j22 -l22
[1.090s] DEBUG:colcon.colcon_core.event_handler.log_command:Invoked command in '/home/kiro/ros2_rviz_ws/build/sedrawybot_description' returned '0': CMAKE_PREFIX_PATH=${CMAKE_PREFIX_PATH}:/opt/ros/humble /usr/bin/cmake --build /home/kiro/ros2_rviz_ws/build/sedrawybot_description -- -j22 -l22
[1.118s] DEBUG:colcon.colcon_core.event_handler.log_command:Invoking command in '/home/kiro/ros2_rviz_ws/build/sedrawybot_description': CMAKE_PREFIX_PATH=${CMAKE_PREFIX_PATH}:/opt/ros/humble /usr/bin/cmake --install /home/kiro/ros2_rviz_ws/build/sedrawybot_description
[1.144s] Level 1:colcon.colcon_core.environment:create_environment_scripts_only(sedrawybot_description)
[1.144s] DEBUG:colcon.colcon_core.event_handler.log_command:Invoked command in '/home/kiro/ros2_rviz_ws/build/sedrawybot_description' returned '0': CMAKE_PREFIX_PATH=${CMAKE_PREFIX_PATH}:/opt/ros/humble /usr/bin/cmake --install /home/kiro/ros2_rviz_ws/build/sedrawybot_description
[1.160s] Level 1:colcon.colcon_core.environment:checking '/home/kiro/ros2_rviz_ws/install/sedrawybot_description' for CMake module files
[1.160s] Level 1:colcon.colcon_core.environment:checking '/home/kiro/ros2_rviz_ws/install/sedrawybot_description' for CMake config files
[1.160s] Level 1:colcon.colcon_core.shell:create_environment_hook('sedrawybot_description', 'cmake_prefix_path')
[1.161s] INFO:colcon.colcon_core.shell:Creating environment hook '/home/kiro/ros2_rviz_ws/install/sedrawybot_description/share/sedrawybot_description/hook/cmake_prefix_path.ps1'
[1.162s] INFO:colcon.colcon_core.shell:Creating environment descriptor '/home/kiro/ros2_rviz_ws/install/sedrawybot_description/share/sedrawybot_description/hook/cmake_prefix_path.dsv'
[1.164s] INFO:colcon.colcon_core.shell:Creating environment hook '/home/kiro/ros2_rviz_ws/install/sedrawybot_description/share/sedrawybot_description/hook/cmake_prefix_path.sh'
[1.165s] Level 1:colcon.colcon_core.environment:checking '/home/kiro/ros2_rviz_ws/install/sedrawybot_description/bin'
[1.165s] Level 1:colcon.colcon_core.environment:checking '/home/kiro/ros2_rviz_ws/install/sedrawybot_description/lib/pkgconfig/sedrawybot_description.pc'
[1.165s] Level 1:colcon.colcon_core.environment:checking '/home/kiro/ros2_rviz_ws/install/sedrawybot_description/lib/python3.10/site-packages'
[1.165s] Level 1:colcon.colcon_core.environment:checking '/home/kiro/ros2_rviz_ws/install/sedrawybot_description/bin'
[1.166s] INFO:colcon.colcon_core.shell:Creating package script '/home/kiro/ros2_rviz_ws/install/sedrawybot_description/share/sedrawybot_description/package.ps1'
[1.167s] INFO:colcon.colcon_core.shell:Creating package descriptor '/home/kiro/ros2_rviz_ws/install/sedrawybot_description/share/sedrawybot_description/package.dsv'
[1.168s] INFO:colcon.colcon_core.shell:Creating package script '/home/kiro/ros2_rviz_ws/install/sedrawybot_description/share/sedrawybot_description/package.sh'
[1.169s] INFO:colcon.colcon_core.shell:Creating package script '/home/kiro/ros2_rviz_ws/install/sedrawybot_description/share/sedrawybot_description/package.bash'
[1.171s] INFO:colcon.colcon_core.shell:Creating package script '/home/kiro/ros2_rviz_ws/install/sedrawybot_description/share/sedrawybot_description/package.zsh'
[1.172s] Level 1:colcon.colcon_core.environment:create_file_with_runtime_dependencies(/home/kiro/ros2_rviz_ws/install/sedrawybot_description/share/colcon-core/packages/sedrawybot_description)
[1.193s] Level 1:colcon.colcon_core.environment:create_environment_scripts_only(sedrawybot_description)
[1.193s] Level 1:colcon.colcon_core.environment:checking '/home/kiro/ros2_rviz_ws/install/sedrawybot_description' for CMake module files
[1.194s] Level 1:colcon.colcon_core.environment:checking '/home/kiro/ros2_rviz_ws/install/sedrawybot_description' for CMake config files
[1.194s] Level 1:colcon.colcon_core.shell:create_environment_hook('sedrawybot_description', 'cmake_prefix_path')
[1.194s] INFO:colcon.colcon_core.shell:Creating environment hook '/home/kiro/ros2_rviz_ws/install/sedrawybot_description/share/sedrawybot_description/hook/cmake_prefix_path.ps1'
[1.195s] INFO:colcon.colcon_core.shell:Creating environment descriptor '/home/kiro/ros2_rviz_ws/install/sedrawybot_description/share/sedrawybot_description/hook/cmake_prefix_path.dsv'
[1.195s] INFO:colcon.colcon_core.shell:Creating environment hook '/home/kiro/ros2_rviz_ws/install/sedrawybot_description/share/sedrawybot_description/hook/cmake_prefix_path.sh'
[1.196s] Level 1:colcon.colcon_core.environment:checking '/home/kiro/ros2_rviz_ws/install/sedrawybot_description/bin'
[1.196s] Level 1:colcon.colcon_core.environment:checking '/home/kiro/ros2_rviz_ws/install/sedrawybot_description/lib/pkgconfig/sedrawybot_description.pc'
[1.196s] Level 1:colcon.colcon_core.environment:checking '/home/kiro/ros2_rviz_ws/install/sedrawybot_description/lib/python3.10/site-packages'
[1.196s] Level 1:colcon.colcon_core.environment:checking '/home/kiro/ros2_rviz_ws/install/sedrawybot_description/bin'
[1.197s] INFO:colcon.colcon_core.shell:Creating package script '/home/kiro/ros2_rviz_ws/install/sedrawybot_description/share/sedrawybot_description/package.ps1'
[1.197s] INFO:colcon.colcon_core.shell:Creating package descriptor '/home/kiro/ros2_rviz_ws/install/sedrawybot_description/share/sedrawybot_description/package.dsv'
[1.198s] INFO:colcon.colcon_core.shell:Creating package script '/home/kiro/ros2_rviz_ws/install/sedrawybot_description/share/sedrawybot_description/package.sh'
[1.198s] INFO:colcon.colcon_core.shell:Creating package script '/home/kiro/ros2_rviz_ws/install/sedrawybot_description/share/sedrawybot_description/package.bash'
[1.199s] INFO:colcon.colcon_core.shell:Creating package script '/home/kiro/ros2_rviz_ws/install/sedrawybot_description/share/sedrawybot_description/package.zsh'
[1.199s] Level 1:colcon.colcon_core.environment:create_file_with_runtime_dependencies(/home/kiro/ros2_rviz_ws/install/sedrawybot_description/share/colcon-core/packages/sedrawybot_description)
[1.199s] DEBUG:colcon.colcon_parallel_executor.executor.parallel:closing loop
[1.200s] DEBUG:colcon.colcon_parallel_executor.executor.parallel:loop closed
[1.200s] DEBUG:colcon.colcon_parallel_executor.executor.parallel:run_until_complete finished with '0'
[1.201s] DEBUG:colcon.colcon_core.event_reactor:joining thread
[1.277s] INFO:colcon.colcon_core.plugin_system:Skipping extension 'colcon_notification.desktop_notification.notify_send': Could not find 'notify-send'
[1.277s] INFO:colcon.colcon_core.plugin_system:Skipping extension 'colcon_notification.desktop_notification.terminal_notifier': Not used on non-Darwin systems
[1.277s] INFO:colcon.colcon_core.plugin_system:Skipping extension 'colcon_notification.desktop_notification.win32': Not used on non-Windows systems
[1.277s] INFO:colcon.colcon_notification.desktop_notification:Sending desktop notification using 'notify2'
[1.280s] DEBUG:colcon.colcon_notification.desktop_notification.notify2:Failed to initialize notify2: org.freedesktop.DBus.Error.ServiceUnknown: The name org.freedesktop.Notifications was not provided by any .service files
[1.280s] DEBUG:colcon.colcon_core.event_reactor:joined thread
[1.281s] INFO:colcon.colcon_core.shell:Creating prefix script '/home/kiro/ros2_rviz_ws/install/local_setup.ps1'
[1.284s] INFO:colcon.colcon_core.shell:Creating prefix util module '/home/kiro/ros2_rviz_ws/install/_local_setup_util_ps1.py'
[1.286s] INFO:colcon.colcon_core.shell:Creating prefix chain script '/home/kiro/ros2_rviz_ws/install/setup.ps1'
[1.288s] INFO:colcon.colcon_core.shell:Creating prefix script '/home/kiro/ros2_rviz_ws/install/local_setup.sh'
[1.290s] INFO:colcon.colcon_core.shell:Creating prefix util module '/home/kiro/ros2_rviz_ws/install/_local_setup_util_sh.py'
[1.290s] INFO:colcon.colcon_core.shell:Creating prefix chain script '/home/kiro/ros2_rviz_ws/install/setup.sh'
[1.292s] INFO:colcon.colcon_core.shell:Creating prefix script '/home/kiro/ros2_rviz_ws/install/local_setup.bash'
[1.293s] INFO:colcon.colcon_core.shell:Creating prefix chain script '/home/kiro/ros2_rviz_ws/install/setup.bash'
[1.295s] INFO:colcon.colcon_core.shell:Creating prefix script '/home/kiro/ros2_rviz_ws/install/local_setup.zsh'
[1.296s] INFO:colcon.colcon_core.shell:Creating prefix chain script '/home/kiro/ros2_rviz_ws/install/setup.zsh'
