-- Install configuration: ""
-- Execute custom install script
-- Symlinking: /home/kiro/ros2_rviz_ws/install/sedrawybot_description/share/sedrawybot_description//urdf/common.xacro
-- Up-to-date symlink: /home/kiro/ros2_rviz_ws/install/sedrawybot_description/share/sedrawybot_description//urdf/sedrawybot.urdf.xacro
-- Up-to-date symlink: /home/kiro/ros2_rviz_ws/install/sedrawybot_description/share/sedrawybot_description//launch/display.launch.xml
-- Up-to-date symlink: /home/kiro/ros2_rviz_ws/install/sedrawybot_description/share/ament_index/resource_index/package_run_dependencies/sedrawybot_description
-- Up-to-date symlink: /home/kiro/ros2_rviz_ws/install/sedrawybot_description/share/ament_index/resource_index/parent_prefix_path/sedrawybot_description
-- Up-to-date symlink: /home/kiro/ros2_rviz_ws/install/sedrawybot_description/share/sedrawybot_description/environment/ament_prefix_path.sh
-- Up-to-date symlink: /home/kiro/ros2_rviz_ws/install/sedrawybot_description/share/sedrawybot_description/environment/ament_prefix_path.dsv
-- Up-to-date symlink: /home/kiro/ros2_rviz_ws/install/sedrawybot_description/share/sedrawybot_description/environment/path.sh
-- Up-to-date symlink: /home/kiro/ros2_rviz_ws/install/sedrawybot_description/share/sedrawybot_description/environment/path.dsv
-- Up-to-date symlink: /home/kiro/ros2_rviz_ws/install/sedrawybot_description/share/sedrawybot_description/local_setup.bash
-- Up-to-date symlink: /home/kiro/ros2_rviz_ws/install/sedrawybot_description/share/sedrawybot_description/local_setup.sh
-- Up-to-date symlink: /home/kiro/ros2_rviz_ws/install/sedrawybot_description/share/sedrawybot_description/local_setup.zsh
-- Up-to-date symlink: /home/kiro/ros2_rviz_ws/install/sedrawybot_description/share/sedrawybot_description/local_setup.dsv
-- Symlinking: /home/kiro/ros2_rviz_ws/install/sedrawybot_description/share/sedrawybot_description/package.dsv
-- Up-to-date symlink: /home/kiro/ros2_rviz_ws/install/sedrawybot_description/share/ament_index/resource_index/packages/sedrawybot_description
-- Up-to-date symlink: /home/kiro/ros2_rviz_ws/install/sedrawybot_description/share/sedrawybot_description/cmake/sedrawybot_descriptionConfig.cmake
-- Up-to-date symlink: /home/kiro/ros2_rviz_ws/install/sedrawybot_description/share/sedrawybot_description/cmake/sedrawybot_descriptionConfig-version.cmake
-- Up-to-date symlink: /home/kiro/ros2_rviz_ws/install/sedrawybot_description/share/sedrawybot_description/package.xml
