[0.022s] Invoking command in '/home/kiro/ros2_rviz_ws/build/sedrawybot_description': CMAKE_PREFIX_PATH=/opt/ros/humble /usr/bin/cmake --build /home/kiro/ros2_rviz_ws/build/sedrawybot_description -- -j22 -l22
[0.070s] -- Found ament_cmake: 1.3.10 (/opt/ros/humble/share/ament_cmake/cmake)
[0.268s] -- Configuring done
[0.277s] -- Generating done
[0.277s] -- Build files have been written to: /home/kiro/ros2_rviz_ws/build/sedrawybot_description
[0.288s] Invoked command in '/home/kiro/ros2_rviz_ws/build/sedrawybot_description' returned '0': CMAKE_PREFIX_PATH=/opt/ros/humble /usr/bin/cmake --build /home/kiro/ros2_rviz_ws/build/sedrawybot_description -- -j22 -l22
[0.304s] Invoking command in '/home/kiro/ros2_rviz_ws/build/sedrawybot_description': CMAKE_PREFIX_PATH=/opt/ros/humble /usr/bin/cmake --install /home/kiro/ros2_rviz_ws/build/sedrawybot_description
[0.312s] -- Install configuration: ""
[0.312s] -- Up-to-date: /home/kiro/ros2_rviz_ws/install/sedrawybot_description/share/sedrawybot_description//urdf
[0.312s] -- Up-to-date: /home/kiro/ros2_rviz_ws/install/sedrawybot_description/share/sedrawybot_description//urdf/sedrawybot.urdf
[0.312s] -- Installing: /home/kiro/ros2_rviz_ws/install/sedrawybot_description/share/sedrawybot_description//launch
[0.313s] -- Installing: /home/kiro/ros2_rviz_ws/install/sedrawybot_description/share/sedrawybot_description//launch/display.launch.xml
[0.313s] -- Up-to-date: /home/kiro/ros2_rviz_ws/install/sedrawybot_description/share/ament_index/resource_index/package_run_dependencies/sedrawybot_description
[0.313s] -- Up-to-date: /home/kiro/ros2_rviz_ws/install/sedrawybot_description/share/ament_index/resource_index/parent_prefix_path/sedrawybot_description
[0.313s] -- Up-to-date: /home/kiro/ros2_rviz_ws/install/sedrawybot_description/share/sedrawybot_description/environment/ament_prefix_path.sh
[0.313s] -- Installing: /home/kiro/ros2_rviz_ws/install/sedrawybot_description/share/sedrawybot_description/environment/ament_prefix_path.dsv
[0.314s] -- Up-to-date: /home/kiro/ros2_rviz_ws/install/sedrawybot_description/share/sedrawybot_description/environment/path.sh
[0.314s] -- Installing: /home/kiro/ros2_rviz_ws/install/sedrawybot_description/share/sedrawybot_description/environment/path.dsv
[0.315s] -- Up-to-date: /home/kiro/ros2_rviz_ws/install/sedrawybot_description/share/sedrawybot_description/local_setup.bash
[0.315s] -- Up-to-date: /home/kiro/ros2_rviz_ws/install/sedrawybot_description/share/sedrawybot_description/local_setup.sh
[0.315s] -- Up-to-date: /home/kiro/ros2_rviz_ws/install/sedrawybot_description/share/sedrawybot_description/local_setup.zsh
[0.315s] -- Installing: /home/kiro/ros2_rviz_ws/install/sedrawybot_description/share/sedrawybot_description/local_setup.dsv
[0.315s] -- Installing: /home/kiro/ros2_rviz_ws/install/sedrawybot_description/share/sedrawybot_description/package.dsv
[0.316s] -- Up-to-date: /home/kiro/ros2_rviz_ws/install/sedrawybot_description/share/ament_index/resource_index/packages/sedrawybot_description
[0.316s] -- Up-to-date: /home/kiro/ros2_rviz_ws/install/sedrawybot_description/share/sedrawybot_description/cmake/sedrawybot_descriptionConfig.cmake
[0.316s] -- Up-to-date: /home/kiro/ros2_rviz_ws/install/sedrawybot_description/share/sedrawybot_description/cmake/sedrawybot_descriptionConfig-version.cmake
[0.316s] -- Up-to-date: /home/kiro/ros2_rviz_ws/install/sedrawybot_description/share/sedrawybot_description/package.xml
[0.316s] Invoked command in '/home/kiro/ros2_rviz_ws/build/sedrawybot_description' returned '0': CMAKE_PREFIX_PATH=/opt/ros/humble /usr/bin/cmake --install /home/kiro/ros2_rviz_ws/build/sedrawybot_description
