[0.011s] Invoking command in '/home/kiro/ros2_rviz_ws/build/sedrawybot_description': CMAKE_PREFIX_PATH=/opt/ros/humble /usr/bin/cmake /home/kiro/ros2_rviz_ws/src/sedrawybot_description -DCMAKE_INSTALL_PREFIX=/home/kiro/ros2_rviz_ws/install/sedrawybot_description
[0.165s] -- The C compiler identification is GNU 11.4.0
[0.368s] -- The CXX compiler identification is GNU 11.4.0
[0.554s] -- Detecting C compiler ABI info
[0.640s] -- Detecting C compiler ABI info - done
[0.647s] -- Check for working C compiler: /usr/bin/cc - skipped
[0.649s] -- Detecting C compile features
[0.650s] -- Detecting C compile features - done
[0.654s] -- Detecting CXX compiler ABI info
[0.746s] -- Detecting CXX compiler ABI info - done
[0.753s] -- Check for working CXX compiler: /usr/bin/c++ - skipped
[0.754s] -- Detecting CXX compile features
[0.754s] -- Detecting CXX compile features - done
[0.772s] -- Found ament_cmake: 1.3.10 (/opt/ros/humble/share/ament_cmake/cmake)
[0.897s] -- Found Python3: /usr/bin/python3 (found version "3.10.12") found components: Interpreter 
[1.042s] -- Configuring done
[1.043s] -- Generating done
[1.044s] -- Build files have been written to: /home/kiro/ros2_rviz_ws/build/sedrawybot_description
[1.048s] Invoked command in '/home/kiro/ros2_rviz_ws/build/sedrawybot_description' returned '0': CMAKE_PREFIX_PATH=/opt/ros/humble /usr/bin/cmake /home/kiro/ros2_rviz_ws/src/sedrawybot_description -DCMAKE_INSTALL_PREFIX=/home/kiro/ros2_rviz_ws/install/sedrawybot_description
[1.048s] Invoking command in '/home/kiro/ros2_rviz_ws/build/sedrawybot_description': CMAKE_PREFIX_PATH=/opt/ros/humble /usr/bin/cmake --build /home/kiro/ros2_rviz_ws/build/sedrawybot_description -- -j22 -l22
[1.069s] Invoked command in '/home/kiro/ros2_rviz_ws/build/sedrawybot_description' returned '0': CMAKE_PREFIX_PATH=/opt/ros/humble /usr/bin/cmake --build /home/kiro/ros2_rviz_ws/build/sedrawybot_description -- -j22 -l22
[1.093s] Invoking command in '/home/kiro/ros2_rviz_ws/build/sedrawybot_description': CMAKE_PREFIX_PATH=/opt/ros/humble /usr/bin/cmake --install /home/kiro/ros2_rviz_ws/build/sedrawybot_description
[1.099s] -- Install configuration: ""
[1.099s] -- Installing: /home/kiro/ros2_rviz_ws/install/sedrawybot_description/share/sedrawybot_description//urdf
[1.099s] -- Installing: /home/kiro/ros2_rviz_ws/install/sedrawybot_description/share/sedrawybot_description//urdf/sedrawybot.urdf
[1.099s] -- Installing: /home/kiro/ros2_rviz_ws/install/sedrawybot_description/share/ament_index/resource_index/package_run_dependencies/sedrawybot_description
[1.099s] -- Installing: /home/kiro/ros2_rviz_ws/install/sedrawybot_description/share/ament_index/resource_index/parent_prefix_path/sedrawybot_description
[1.099s] -- Installing: /home/kiro/ros2_rviz_ws/install/sedrawybot_description/share/sedrawybot_description/environment/ament_prefix_path.sh
[1.100s] -- Installing: /home/kiro/ros2_rviz_ws/install/sedrawybot_description/share/sedrawybot_description/environment/ament_prefix_path.dsv
[1.100s] -- Installing: /home/kiro/ros2_rviz_ws/install/sedrawybot_description/share/sedrawybot_description/environment/path.sh
[1.100s] -- Installing: /home/kiro/ros2_rviz_ws/install/sedrawybot_description/share/sedrawybot_description/environment/path.dsv
[1.100s] -- Installing: /home/kiro/ros2_rviz_ws/install/sedrawybot_description/share/sedrawybot_description/local_setup.bash
[1.100s] -- Installing: /home/kiro/ros2_rviz_ws/install/sedrawybot_description/share/sedrawybot_description/local_setup.sh
[1.100s] -- Installing: /home/kiro/ros2_rviz_ws/install/sedrawybot_description/share/sedrawybot_description/local_setup.zsh
[1.100s] -- Installing: /home/kiro/ros2_rviz_ws/install/sedrawybot_description/share/sedrawybot_description/local_setup.dsv
[1.100s] -- Installing: /home/kiro/ros2_rviz_ws/install/sedrawybot_description/share/sedrawybot_description/package.dsv
[1.101s] -- Installing: /home/kiro/ros2_rviz_ws/install/sedrawybot_description/share/ament_index/resource_index/packages/sedrawybot_description
[1.102s] -- Installing: /home/kiro/ros2_rviz_ws/install/sedrawybot_description/share/sedrawybot_description/cmake/sedrawybot_descriptionConfig.cmake
[1.102s] -- Installing: /home/kiro/ros2_rviz_ws/install/sedrawybot_description/share/sedrawybot_description/cmake/sedrawybot_descriptionConfig-version.cmake
[1.103s] -- Installing: /home/kiro/ros2_rviz_ws/install/sedrawybot_description/share/sedrawybot_description/package.xml
[1.103s] Invoked command in '/home/kiro/ros2_rviz_ws/build/sedrawybot_description' returned '0': CMAKE_PREFIX_PATH=/opt/ros/humble /usr/bin/cmake --install /home/kiro/ros2_rviz_ws/build/sedrawybot_description
