[0.299s] DEBUG:colcon:Command line arguments: ['/usr/bin/colcon', 'build']
[0.299s] DEBUG:colcon:Parsed command line arguments: Namespace(log_base=None, log_level=None, verb_name='build', build_base='build', install_base='install', merge_install=False, symlink_install=False, test_result_base=None, continue_on_error=False, executor='parallel', parallel_workers=22, event_handlers=None, ignore_user_meta=False, metas=['./colcon.meta'], base_paths=['.'], packages_ignore=None, packages_ignore_regex=None, paths=None, packages_up_to=None, packages_up_to_regex=None, packages_above=None, packages_above_and_dependencies=None, packages_above_depth=None, packages_select_by_dep=None, packages_skip_by_dep=None, packages_skip_up_to=None, packages_select_build_failed=False, packages_skip_build_finished=False, packages_select_test_failures=False, packages_skip_test_passed=False, packages_select=None, packages_skip=None, packages_select_regex=None, packages_skip_regex=None, packages_start=None, packages_end=None, allow_overriding=[], cmake_args=None, cmake_target=None, cmake_target_skip_unavailable=False, cmake_clean_cache=False, cmake_clean_first=False, cmake_force_configure=False, ament_cmake_args=None, catkin_cmake_args=None, catkin_skip_building_tests=False, verb_parser=<colcon_defaults.argument_parser.defaults.DefaultArgumentsDecorator object at 0x7f5060b1aef0>, verb_extension=<colcon_core.verb.build.BuildVerb object at 0x7f5060cc7220>, main=<bound method BuildVerb.main of <colcon_core.verb.build.BuildVerb object at 0x7f5060cc7220>>)
[0.567s] Level 1:colcon.colcon_core.package_discovery:discover_packages(colcon_meta) check parameters
[0.567s] Level 1:colcon.colcon_core.package_discovery:discover_packages(recursive) check parameters
[0.567s] Level 1:colcon.colcon_core.package_discovery:discover_packages(ignore) check parameters
[0.567s] Level 1:colcon.colcon_core.package_discovery:discover_packages(path) check parameters
[0.567s] Level 1:colcon.colcon_core.package_discovery:discover_packages(colcon_meta) discover
[0.567s] Level 1:colcon.colcon_core.package_discovery:discover_packages(recursive) discover
[0.567s] INFO:colcon.colcon_core.package_discovery:Crawling recursively for packages in '/home/kiro/ros2_rviz_ws'
[0.567s] Level 1:colcon.colcon_core.package_identification:_identify(.) by extensions ['ignore', 'ignore_ament_install']
[0.567s] Level 1:colcon.colcon_core.package_identification:_identify(.) by extension 'ignore'
[0.567s] Level 1:colcon.colcon_core.package_identification:_identify(.) by extension 'ignore_ament_install'
[0.567s] Level 1:colcon.colcon_core.package_identification:_identify(.) by extensions ['colcon_pkg']
[0.567s] Level 1:colcon.colcon_core.package_identification:_identify(.) by extension 'colcon_pkg'
[0.567s] Level 1:colcon.colcon_core.package_identification:_identify(.) by extensions ['colcon_meta']
[0.568s] Level 1:colcon.colcon_core.package_identification:_identify(.) by extension 'colcon_meta'
[0.568s] Level 1:colcon.colcon_core.package_identification:_identify(.) by extensions ['ros']
[0.568s] Level 1:colcon.colcon_core.package_identification:_identify(.) by extension 'ros'
[0.579s] Level 1:colcon.colcon_core.package_identification:_identify(.) by extensions ['cmake', 'python']
[0.579s] Level 1:colcon.colcon_core.package_identification:_identify(.) by extension 'cmake'
[0.579s] Level 1:colcon.colcon_core.package_identification:_identify(.) by extension 'python'
[0.579s] Level 1:colcon.colcon_core.package_identification:_identify(.) by extensions ['python_setup_py']
[0.579s] Level 1:colcon.colcon_core.package_identification:_identify(.) by extension 'python_setup_py'
[0.579s] Level 1:colcon.colcon_core.package_identification:_identify(build) by extensions ['ignore', 'ignore_ament_install']
[0.579s] Level 1:colcon.colcon_core.package_identification:_identify(build) by extension 'ignore'
[0.579s] Level 1:colcon.colcon_core.package_identification:_identify(build) ignored
[0.579s] Level 1:colcon.colcon_core.package_identification:_identify(install) by extensions ['ignore', 'ignore_ament_install']
[0.579s] Level 1:colcon.colcon_core.package_identification:_identify(install) by extension 'ignore'
[0.580s] Level 1:colcon.colcon_core.package_identification:_identify(install) ignored
[0.580s] Level 1:colcon.colcon_core.package_identification:_identify(log) by extensions ['ignore', 'ignore_ament_install']
[0.580s] Level 1:colcon.colcon_core.package_identification:_identify(log) by extension 'ignore'
[0.580s] Level 1:colcon.colcon_core.package_identification:_identify(log) ignored
[0.580s] Level 1:colcon.colcon_core.package_identification:_identify(src) by extensions ['ignore', 'ignore_ament_install']
[0.580s] Level 1:colcon.colcon_core.package_identification:_identify(src) by extension 'ignore'
[0.580s] Level 1:colcon.colcon_core.package_identification:_identify(src) by extension 'ignore_ament_install'
[0.580s] Level 1:colcon.colcon_core.package_identification:_identify(src) by extensions ['colcon_pkg']
[0.580s] Level 1:colcon.colcon_core.package_identification:_identify(src) by extension 'colcon_pkg'
[0.580s] Level 1:colcon.colcon_core.package_identification:_identify(src) by extensions ['colcon_meta']
[0.580s] Level 1:colcon.colcon_core.package_identification:_identify(src) by extension 'colcon_meta'
[0.580s] Level 1:colcon.colcon_core.package_identification:_identify(src) by extensions ['ros']
[0.580s] Level 1:colcon.colcon_core.package_identification:_identify(src) by extension 'ros'
[0.580s] Level 1:colcon.colcon_core.package_identification:_identify(src) by extensions ['cmake', 'python']
[0.580s] Level 1:colcon.colcon_core.package_identification:_identify(src) by extension 'cmake'
[0.580s] Level 1:colcon.colcon_core.package_identification:_identify(src) by extension 'python'
[0.580s] Level 1:colcon.colcon_core.package_identification:_identify(src) by extensions ['python_setup_py']
[0.580s] Level 1:colcon.colcon_core.package_identification:_identify(src) by extension 'python_setup_py'
[0.580s] Level 1:colcon.colcon_core.package_identification:_identify(src/sedrawybot_description) by extensions ['ignore', 'ignore_ament_install']
[0.580s] Level 1:colcon.colcon_core.package_identification:_identify(src/sedrawybot_description) by extension 'ignore'
[0.580s] Level 1:colcon.colcon_core.package_identification:_identify(src/sedrawybot_description) by extension 'ignore_ament_install'
[0.580s] Level 1:colcon.colcon_core.package_identification:_identify(src/sedrawybot_description) by extensions ['colcon_pkg']
[0.580s] Level 1:colcon.colcon_core.package_identification:_identify(src/sedrawybot_description) by extension 'colcon_pkg'
[0.580s] Level 1:colcon.colcon_core.package_identification:_identify(src/sedrawybot_description) by extensions ['colcon_meta']
[0.580s] Level 1:colcon.colcon_core.package_identification:_identify(src/sedrawybot_description) by extension 'colcon_meta'
[0.580s] Level 1:colcon.colcon_core.package_identification:_identify(src/sedrawybot_description) by extensions ['ros']
[0.580s] Level 1:colcon.colcon_core.package_identification:_identify(src/sedrawybot_description) by extension 'ros'
[0.582s] DEBUG:colcon.colcon_core.package_identification:Package 'src/sedrawybot_description' with type 'ros.ament_cmake' and name 'sedrawybot_description'
[0.583s] Level 1:colcon.colcon_core.package_discovery:discover_packages(recursive) using defaults
[0.583s] Level 1:colcon.colcon_core.package_discovery:discover_packages(ignore) discover
[0.583s] Level 1:colcon.colcon_core.package_discovery:discover_packages(ignore) using defaults
[0.583s] Level 1:colcon.colcon_core.package_discovery:discover_packages(path) discover
[0.583s] Level 1:colcon.colcon_core.package_discovery:discover_packages(path) using defaults
[0.610s] Level 1:colcon.colcon_core.package_discovery:discover_packages(prefix_path) check parameters
[0.610s] Level 1:colcon.colcon_core.package_discovery:discover_packages(prefix_path) discover
[0.613s] DEBUG:colcon.colcon_installed_package_information.package_discovery:Found 0 installed packages in /home/kiro/ros2_rviz_ws/install
[0.614s] DEBUG:colcon.colcon_installed_package_information.package_discovery:Found 282 installed packages in /opt/ros/humble
[0.615s] Level 1:colcon.colcon_core.package_discovery:discover_packages(prefix_path) using defaults
[0.694s] Level 5:colcon.colcon_core.verb:set package 'sedrawybot_description' build argument 'cmake_args' from command line to 'None'
[0.694s] Level 5:colcon.colcon_core.verb:set package 'sedrawybot_description' build argument 'cmake_target' from command line to 'None'
[0.694s] Level 5:colcon.colcon_core.verb:set package 'sedrawybot_description' build argument 'cmake_target_skip_unavailable' from command line to 'False'
[0.694s] Level 5:colcon.colcon_core.verb:set package 'sedrawybot_description' build argument 'cmake_clean_cache' from command line to 'False'
[0.694s] Level 5:colcon.colcon_core.verb:set package 'sedrawybot_description' build argument 'cmake_clean_first' from command line to 'False'
[0.694s] Level 5:colcon.colcon_core.verb:set package 'sedrawybot_description' build argument 'cmake_force_configure' from command line to 'False'
[0.694s] Level 5:colcon.colcon_core.verb:set package 'sedrawybot_description' build argument 'ament_cmake_args' from command line to 'None'
[0.694s] Level 5:colcon.colcon_core.verb:set package 'sedrawybot_description' build argument 'catkin_cmake_args' from command line to 'None'
[0.694s] Level 5:colcon.colcon_core.verb:set package 'sedrawybot_description' build argument 'catkin_skip_building_tests' from command line to 'False'
[0.694s] DEBUG:colcon.colcon_core.verb:Building package 'sedrawybot_description' with the following arguments: {'ament_cmake_args': None, 'build_base': '/home/kiro/ros2_rviz_ws/build/sedrawybot_description', 'catkin_cmake_args': None, 'catkin_skip_building_tests': False, 'cmake_args': None, 'cmake_clean_cache': False, 'cmake_clean_first': False, 'cmake_force_configure': False, 'cmake_target': None, 'cmake_target_skip_unavailable': False, 'install_base': '/home/kiro/ros2_rviz_ws/install/sedrawybot_description', 'merge_install': False, 'path': '/home/kiro/ros2_rviz_ws/src/sedrawybot_description', 'symlink_install': False, 'test_result_base': None}
[0.694s] INFO:colcon.colcon_core.executor:Executing jobs using 'parallel' executor
[0.696s] DEBUG:colcon.colcon_parallel_executor.executor.parallel:run_until_complete
[0.696s] INFO:colcon.colcon_ros.task.ament_cmake.build:Building ROS package in '/home/kiro/ros2_rviz_ws/src/sedrawybot_description' with build type 'ament_cmake'
[0.697s] INFO:colcon.colcon_cmake.task.cmake.build:Building CMake package in '/home/kiro/ros2_rviz_ws/src/sedrawybot_description'
[0.701s] INFO:colcon.colcon_core.plugin_system:Skipping extension 'colcon_core.shell.bat': Not used on non-Windows systems
[0.701s] INFO:colcon.colcon_core.shell:Skip shell extension 'powershell' for command environment: Not usable outside of PowerShell
[0.701s] DEBUG:colcon.colcon_core.shell:Skip shell extension 'dsv' for command environment
[0.708s] DEBUG:colcon.colcon_core.event_handler.log_command:Invoking command in '/home/kiro/ros2_rviz_ws/build/sedrawybot_description': CMAKE_PREFIX_PATH=/opt/ros/humble /usr/bin/cmake /home/kiro/ros2_rviz_ws/src/sedrawybot_description -DCMAKE_INSTALL_PREFIX=/home/kiro/ros2_rviz_ws/install/sedrawybot_description
[1.744s] DEBUG:colcon.colcon_core.event_handler.log_command:Invoked command in '/home/kiro/ros2_rviz_ws/build/sedrawybot_description' returned '0': CMAKE_PREFIX_PATH=/opt/ros/humble /usr/bin/cmake /home/kiro/ros2_rviz_ws/src/sedrawybot_description -DCMAKE_INSTALL_PREFIX=/home/kiro/ros2_rviz_ws/install/sedrawybot_description
[1.745s] DEBUG:colcon.colcon_core.event_handler.log_command:Invoking command in '/home/kiro/ros2_rviz_ws/build/sedrawybot_description': CMAKE_PREFIX_PATH=/opt/ros/humble /usr/bin/cmake --build /home/kiro/ros2_rviz_ws/build/sedrawybot_description -- -j22 -l22
[1.766s] DEBUG:colcon.colcon_core.event_handler.log_command:Invoked command in '/home/kiro/ros2_rviz_ws/build/sedrawybot_description' returned '0': CMAKE_PREFIX_PATH=/opt/ros/humble /usr/bin/cmake --build /home/kiro/ros2_rviz_ws/build/sedrawybot_description -- -j22 -l22
[1.790s] DEBUG:colcon.colcon_core.event_handler.log_command:Invoking command in '/home/kiro/ros2_rviz_ws/build/sedrawybot_description': CMAKE_PREFIX_PATH=/opt/ros/humble /usr/bin/cmake --install /home/kiro/ros2_rviz_ws/build/sedrawybot_description
[1.798s] Level 1:colcon.colcon_core.environment:create_environment_scripts_only(sedrawybot_description)
[1.799s] DEBUG:colcon.colcon_core.event_handler.log_command:Invoked command in '/home/kiro/ros2_rviz_ws/build/sedrawybot_description' returned '0': CMAKE_PREFIX_PATH=/opt/ros/humble /usr/bin/cmake --install /home/kiro/ros2_rviz_ws/build/sedrawybot_description
[1.807s] Level 1:colcon.colcon_core.environment:checking '/home/kiro/ros2_rviz_ws/install/sedrawybot_description' for CMake module files
[1.807s] Level 1:colcon.colcon_core.environment:checking '/home/kiro/ros2_rviz_ws/install/sedrawybot_description' for CMake config files
[1.808s] Level 1:colcon.colcon_core.shell:create_environment_hook('sedrawybot_description', 'cmake_prefix_path')
[1.808s] INFO:colcon.colcon_core.shell:Creating environment hook '/home/kiro/ros2_rviz_ws/install/sedrawybot_description/share/sedrawybot_description/hook/cmake_prefix_path.ps1'
[1.810s] INFO:colcon.colcon_core.shell:Creating environment descriptor '/home/kiro/ros2_rviz_ws/install/sedrawybot_description/share/sedrawybot_description/hook/cmake_prefix_path.dsv'
[1.810s] INFO:colcon.colcon_core.shell:Creating environment hook '/home/kiro/ros2_rviz_ws/install/sedrawybot_description/share/sedrawybot_description/hook/cmake_prefix_path.sh'
[1.812s] Level 1:colcon.colcon_core.environment:checking '/home/kiro/ros2_rviz_ws/install/sedrawybot_description/bin'
[1.812s] Level 1:colcon.colcon_core.environment:checking '/home/kiro/ros2_rviz_ws/install/sedrawybot_description/lib/pkgconfig/sedrawybot_description.pc'
[1.812s] Level 1:colcon.colcon_core.environment:checking '/home/kiro/ros2_rviz_ws/install/sedrawybot_description/lib/python3.10/site-packages'
[1.812s] Level 1:colcon.colcon_core.environment:checking '/home/kiro/ros2_rviz_ws/install/sedrawybot_description/bin'
[1.813s] INFO:colcon.colcon_core.shell:Creating package script '/home/kiro/ros2_rviz_ws/install/sedrawybot_description/share/sedrawybot_description/package.ps1'
[1.814s] INFO:colcon.colcon_core.shell:Creating package descriptor '/home/kiro/ros2_rviz_ws/install/sedrawybot_description/share/sedrawybot_description/package.dsv'
[1.814s] INFO:colcon.colcon_core.shell:Creating package script '/home/kiro/ros2_rviz_ws/install/sedrawybot_description/share/sedrawybot_description/package.sh'
[1.815s] INFO:colcon.colcon_core.shell:Creating package script '/home/kiro/ros2_rviz_ws/install/sedrawybot_description/share/sedrawybot_description/package.bash'
[1.816s] INFO:colcon.colcon_core.shell:Creating package script '/home/kiro/ros2_rviz_ws/install/sedrawybot_description/share/sedrawybot_description/package.zsh'
[1.817s] Level 1:colcon.colcon_core.environment:create_file_with_runtime_dependencies(/home/kiro/ros2_rviz_ws/install/sedrawybot_description/share/colcon-core/packages/sedrawybot_description)
[1.834s] Level 1:colcon.colcon_core.environment:create_environment_scripts_only(sedrawybot_description)
[1.834s] Level 1:colcon.colcon_core.environment:checking '/home/kiro/ros2_rviz_ws/install/sedrawybot_description' for CMake module files
[1.835s] Level 1:colcon.colcon_core.environment:checking '/home/kiro/ros2_rviz_ws/install/sedrawybot_description' for CMake config files
[1.835s] Level 1:colcon.colcon_core.shell:create_environment_hook('sedrawybot_description', 'cmake_prefix_path')
[1.835s] INFO:colcon.colcon_core.shell:Creating environment hook '/home/kiro/ros2_rviz_ws/install/sedrawybot_description/share/sedrawybot_description/hook/cmake_prefix_path.ps1'
[1.835s] INFO:colcon.colcon_core.shell:Creating environment descriptor '/home/kiro/ros2_rviz_ws/install/sedrawybot_description/share/sedrawybot_description/hook/cmake_prefix_path.dsv'
[1.836s] INFO:colcon.colcon_core.shell:Creating environment hook '/home/kiro/ros2_rviz_ws/install/sedrawybot_description/share/sedrawybot_description/hook/cmake_prefix_path.sh'
[1.836s] Level 1:colcon.colcon_core.environment:checking '/home/kiro/ros2_rviz_ws/install/sedrawybot_description/bin'
[1.836s] Level 1:colcon.colcon_core.environment:checking '/home/kiro/ros2_rviz_ws/install/sedrawybot_description/lib/pkgconfig/sedrawybot_description.pc'
[1.837s] Level 1:colcon.colcon_core.environment:checking '/home/kiro/ros2_rviz_ws/install/sedrawybot_description/lib/python3.10/site-packages'
[1.837s] Level 1:colcon.colcon_core.environment:checking '/home/kiro/ros2_rviz_ws/install/sedrawybot_description/bin'
[1.837s] INFO:colcon.colcon_core.shell:Creating package script '/home/kiro/ros2_rviz_ws/install/sedrawybot_description/share/sedrawybot_description/package.ps1'
[1.838s] INFO:colcon.colcon_core.shell:Creating package descriptor '/home/kiro/ros2_rviz_ws/install/sedrawybot_description/share/sedrawybot_description/package.dsv'
[1.838s] INFO:colcon.colcon_core.shell:Creating package script '/home/kiro/ros2_rviz_ws/install/sedrawybot_description/share/sedrawybot_description/package.sh'
[1.838s] INFO:colcon.colcon_core.shell:Creating package script '/home/kiro/ros2_rviz_ws/install/sedrawybot_description/share/sedrawybot_description/package.bash'
[1.839s] INFO:colcon.colcon_core.shell:Creating package script '/home/kiro/ros2_rviz_ws/install/sedrawybot_description/share/sedrawybot_description/package.zsh'
[1.839s] Level 1:colcon.colcon_core.environment:create_file_with_runtime_dependencies(/home/kiro/ros2_rviz_ws/install/sedrawybot_description/share/colcon-core/packages/sedrawybot_description)
[1.839s] DEBUG:colcon.colcon_parallel_executor.executor.parallel:closing loop
[1.840s] DEBUG:colcon.colcon_parallel_executor.executor.parallel:loop closed
[1.840s] DEBUG:colcon.colcon_parallel_executor.executor.parallel:run_until_complete finished with '0'
[1.840s] DEBUG:colcon.colcon_core.event_reactor:joining thread
[1.889s] INFO:colcon.colcon_core.plugin_system:Skipping extension 'colcon_notification.desktop_notification.notify_send': Could not find 'notify-send'
[1.890s] INFO:colcon.colcon_core.plugin_system:Skipping extension 'colcon_notification.desktop_notification.terminal_notifier': Not used on non-Darwin systems
[1.890s] INFO:colcon.colcon_core.plugin_system:Skipping extension 'colcon_notification.desktop_notification.win32': Not used on non-Windows systems
[1.890s] INFO:colcon.colcon_notification.desktop_notification:Sending desktop notification using 'notify2'
[1.892s] DEBUG:colcon.colcon_notification.desktop_notification.notify2:Failed to initialize notify2: org.freedesktop.DBus.Error.ServiceUnknown: The name org.freedesktop.Notifications was not provided by any .service files
[1.892s] DEBUG:colcon.colcon_core.event_reactor:joined thread
[1.892s] INFO:colcon.colcon_core.shell:Creating prefix script '/home/kiro/ros2_rviz_ws/install/local_setup.ps1'
[1.894s] INFO:colcon.colcon_core.shell:Creating prefix util module '/home/kiro/ros2_rviz_ws/install/_local_setup_util_ps1.py'
[1.895s] INFO:colcon.colcon_core.shell:Creating prefix chain script '/home/kiro/ros2_rviz_ws/install/setup.ps1'
[1.896s] INFO:colcon.colcon_core.shell:Creating prefix script '/home/kiro/ros2_rviz_ws/install/local_setup.sh'
[1.897s] INFO:colcon.colcon_core.shell:Creating prefix util module '/home/kiro/ros2_rviz_ws/install/_local_setup_util_sh.py'
[1.897s] INFO:colcon.colcon_core.shell:Creating prefix chain script '/home/kiro/ros2_rviz_ws/install/setup.sh'
[1.898s] INFO:colcon.colcon_core.shell:Creating prefix script '/home/kiro/ros2_rviz_ws/install/local_setup.bash'
[1.899s] INFO:colcon.colcon_core.shell:Creating prefix chain script '/home/kiro/ros2_rviz_ws/install/setup.bash'
[1.900s] INFO:colcon.colcon_core.shell:Creating prefix script '/home/kiro/ros2_rviz_ws/install/local_setup.zsh'
[1.901s] INFO:colcon.colcon_core.shell:Creating prefix chain script '/home/kiro/ros2_rviz_ws/install/setup.zsh'
